########### array before sorts ###########
0	35.306150	98.147319	-0.614875	62.226294	n
1	121.516606	11.936863	85.595584	-23.984163	n
2	-0.614875	11.936863	35.306150	-23.984163	n
3	85.595584	98.147319	121.516606	62.226294	n
4	85.595584	98.147319	35.306150	98.147319	n
5	121.516606	62.226294	121.516606	11.936863	n
6	85.595584	-23.984163	35.306150	-23.984163	n
7	-0.614875	62.226294	-0.614875	11.936863	n
Tolerance=0.050000.
*Exact match for i=0 and j=7.
*i point 35.306150	98.147319	-0.614875	62.226294	y
*Exact match for i=1 and j=2.
*i point -0.614875	62.226294	-0.614875	11.936863	y
*Exact match for i=2 and j=6.
*i point -0.614875	11.936863	35.306150	-23.984163	y
	*Before flip 	85.595584	-23.984163	35.306150	-23.984163	y
	*After flip 	35.306150	-23.984163	85.595584	-23.984163	y
*Exact match for i=3 and j=7.
*i point 35.306150	-23.984163	85.595584	-23.984163	y
	*Before flip 	121.516606	11.936863	85.595584	-23.984163	y
	*After flip 	85.595584	-23.984163	121.516606	11.936863	y
*Exact match for i=4 and j=5.
*i point 85.595584	-23.984163	121.516606	11.936863	y
	*Before flip 	121.516606	62.226294	121.516606	11.936863	y
	*After flip 	121.516606	11.936863	121.516606	62.226294	y
*Exact match for i=5 and j=6.
*i point 121.516606	11.936863	121.516606	62.226294	y
	*Before flip 	85.595584	98.147319	121.516606	62.226294	y
	*After flip 	121.516606	62.226294	85.595584	98.147319	y
*Exact match for i=6 and j=7.
*i point 121.516606	62.226294	85.595584	98.147319	y
########### array after sorts ###########
0	35.306150	98.147319	-0.614875	62.226294	y
1	-0.614875	62.226294	-0.614875	11.936863	y
2	-0.614875	11.936863	35.306150	-23.984163	y
3	35.306150	-23.984163	85.595584	-23.984163	y
4	85.595584	-23.984163	121.516606	11.936863	y
5	121.516606	11.936863	121.516606	62.226294	y
6	121.516606	62.226294	85.595584	98.147319	y
7	85.595584	98.147319	35.306150	98.147319	y
***************
.BOARD_OUTLINE UNOWNED
1.6
0     35.306150     98.147319     0
0     -0.614875     62.226294     0
0     -0.614875     11.936863     0
0     35.306150     -23.984163     0
0     85.595584     -23.984163     0
0     121.516606     11.936863     0
0     121.516606     62.226294     0
0     85.595584     98.147319     0
0     35.306150     98.147319     0
